Nov 01 07:58 : state_file: Unrecognized line in state file: ## Copyright (C) 2020-2021 Aditya Shakya <adi1090x@gmail.com>
Nov 01 07:58 : state_file: Unrecognized line in state file: ## Everyone is permitted to copy and distribute copies of this file under GNU-GPL3
Nov 01 07:58 : state_file: Unrecognized line in state file:
Nov 01 07:58 : avahi: Service 'Music Player @ jarwis' successfully established.
Nov 01 08:01 : player: played "NEFFEX - Grateful [Copyright Free].mp3"
Nov 01 08:05 : player: played "Cartoon - On & On (feat. Daniel Levi) [NCS Release].mp3"
Nov 01 08:08 : player: played "Culture Code - Make Me Move (feat. Karra) [NCS Release].mp3"
Nov 01 08:11 : player: played "Janji - Heroes Tonight (feat. Johnning) [NCS Release].mp3"
Nov 01 08:15 : player: played "N3WPORT - Power (feat. braev) [NCS Release].mp3"
Nov 01 08:21 : player: played "NEFFEX - Grateful [Copyright Free].mp3"
Nov 01 08:22 : update: added /Cartoon - On & On (feat. Daniel Levi) [NCS Release].mp3
Nov 01 08:22 : update: added /NEFFEX - Grateful [Copyright Free].mp3
Nov 01 08:22 : update: added /N3WPORT - Power (feat. braev) [NCS Release].mp3
Nov 01 08:22 : update: added /Culture Code - Make Me Move (feat. Karra) [NCS Release].mp3
Nov 01 08:22 : update: added /Janji - Heroes Tonight (feat. Johnning) [NCS Release].mp3
Nov 01 08:42 : player: played "NEFFEX - Grateful [Copyright Free].mp3"
Nov 01 09:01 : player: played "NEFFEX - Grateful [Copyright Free].mp3"
Nov 01 09:16 : player: played "NEFFEX - Grateful [Copyright Free].mp3"
Nov 01 09:19 : player: played "Cartoon - On & On (feat. Daniel Levi) [NCS Release].mp3"
Nov 01 09:22 : player: played "Culture Code - Make Me Move (feat. Karra) [NCS Release].mp3"
Nov 01 09:40 : update: added /Ozzy_Osbourne-Woman.mp3
Nov 01 09:40 : update: added /nightwish_-_bless_the_child-alc.mp3
Nov 01 09:40 : update: added /Nightwish_Nemo.mp3
Nov 01 09:40 : update: added /nightwish_-_sleeping_sun-alc.mp3
Nov 01 09:40 : update: added /Evanescence_Bring Me To Life.mp3
Nov 01 09:40 : update: added /Evanescence_My Immortal.mp3
Nov 01 09:40 : update: added /Night_The Beauty and the Beast.mp3
Nov 01 09:40 : player: played "Janji - Heroes Tonight (feat. Johnning) [NCS Release].mp3"
Nov 01 09:45 : player: played "Night_The Beauty and the Beast.mp3"
Nov 01 10:03 : player: played "Night_The Beauty and the Beast.mp3"
Nov 01 10:23 : player: played "Night_The Beauty and the Beast.mp3"
Nov 01 10:38 : player: played "Night_The Beauty and the Beast.mp3"
Nov 14 00:15 : player: played "Night_The Beauty and the Beast.mp3"
Nov 14 00:21 : player: played "nightwish_-_sleeping_sun-alc.mp3"
Nov 14 00:28 : player: played "Ozzy_Osbourne-Woman.mp3"
Nov 14 00:34 : player: played "Night_The Beauty and the Beast.mp3"
Nov 14 00:35 : player: played "Evanescence_My Immortal.mp3"
Nov 14 18:19 : player: played "Ozzy_Osbourne-Woman.mp3"
Nov 14 18:23 : player: played "Evanescence_My Immortal.mp3"
Nov 14 18:27 : player: played "Evanescence_Bring Me To Life.mp3"
Nov 14 18:32 : player: played "Nightwish_Nemo.mp3"
Nov 14 19:31 : player: played "nightwish_-_bless_the_child-alc.mp3"
Nov 14 19:34 : player: played "NEFFEX - Grateful [Copyright Free].mp3"
Nov 14 19:37 : player: played "Cartoon - On & On (feat. Daniel Levi) [NCS Release].mp3"
Nov 14 20:01 : player: played "Culture Code - Make Me Move (feat. Karra) [NCS Release].mp3"
Nov 14 20:01 : player: played "Evanescence_My Immortal.mp3"
Nov 14 20:01 : player: played "N3WPORT - Power (feat. braev) [NCS Release].mp3"
Nov 14 20:14 : player: played "N3WPORT - Power (feat. braev) [NCS Release].mp3"
Nov 14 21:11 : player: played "N3WPORT - Power (feat. braev) [NCS Release].mp3"
Nov 14 22:43 : player: played "Ozzy_Osbourne-Woman.mp3"
Nov 15 11:13 : player: played "Ozzy_Osbourne-Woman.mp3"
Nov 15 11:18 : player: played "Night_The Beauty and the Beast.mp3"
Nov 15 19:30 : player: played "Evanescence_My Immortal.mp3"
Nov 15 19:36 : player: played "NEFFEX - Grateful [Copyright Free].mp3"
Nov 15 19:40 : player: played "Cartoon - On & On (feat. Daniel Levi) [NCS Release].mp3"
Nov 15 19:41 : player: played "Culture Code - Make Me Move (feat. Karra) [NCS Release].mp3"
Nov 15 19:54 : player: played "Culture Code - Make Me Move (feat. Karra) [NCS Release].mp3"
Nov 15 20:59 : player: played "Janji - Heroes Tonight (feat. Johnning) [NCS Release].mp3"
Nov 15 23:36 : player: played "Janji - Heroes Tonight (feat. Johnning) [NCS Release].mp3"
Nov 15 23:44 : player: played "Janji - Heroes Tonight (feat. Johnning) [NCS Release].mp3"
Nov 15 23:46 : player: played "Janji - Heroes Tonight (feat. Johnning) [NCS Release].mp3"
Nov 15 23:48 : player: played "Janji - Heroes Tonight (feat. Johnning) [NCS Release].mp3"
Nov 16 22:03 : player: played "Janji - Heroes Tonight (feat. Johnning) [NCS Release].mp3"
Nov 16 22:27 : player: played "Janji - Heroes Tonight (feat. Johnning) [NCS Release].mp3"
Nov 16 22:37 : player: played "Janji - Heroes Tonight (feat. Johnning) [NCS Release].mp3"
Dec 25 20:13 : player: played "Janji - Heroes Tonight (feat. Johnning) [NCS Release].mp3"
Dec 25 20:29 : player: played "N3WPORT - Power (feat. braev) [NCS Release].mp3"
Dec 25 20:37 : player: played "Night_The Beauty and the Beast.mp3"
Dec 25 20:42 : player: played "Evanescence_My Immortal.mp3"
Dec 25 20:46 : player: played "Evanescence_Bring Me To Life.mp3"
Dec 25 20:50 : player: played "Nightwish_Nemo.mp3"
Dec 25 20:56 : player: played "nightwish_-_bless_the_child-alc.mp3"
Dec 25 20:59 : player: played "NEFFEX - Grateful [Copyright Free].mp3"
Dec 25 21:03 : player: played "Cartoon - On & On (feat. Daniel Levi) [NCS Release].mp3"
Dec 25 21:08 : player: played "Cartoon - On & On (feat. Daniel Levi) [NCS Release].mp3"
Dec 25 21:12 : player: played "Culture Code - Make Me Move (feat. Karra) [NCS Release].mp3"
Dec 25 21:33 : player: played "N3WPORT - Power (feat. braev) [NCS Release].mp3"
Dec 25 22:10 : player: played "Ozzy_Osbourne-Woman.mp3"
Dec 25 22:31 : player: played "Ozzy_Osbourne-Woman.mp3"
Dec 25 22:51 : player: played "Ozzy_Osbourne-Woman.mp3"
Dec 25 23:00 : player: played "Ozzy_Osbourne-Woman.mp3"
Dec 25 23:07 : player: played "Ozzy_Osbourne-Woman.mp3"
Dec 25 23:14 : player: played "Night_The Beauty and the Beast.mp3"
Dec 25 23:18 : player: played "Evanescence_My Immortal.mp3"
Dec 25 23:22 : player: played "Evanescence_Bring Me To Life.mp3"
Dec 25 23:26 : player: played "Nightwish_Nemo.mp3"
Dec 27 00:17 : player: played "Nightwish_Nemo.mp3"
Dec 27 17:50 : player: played "Nightwish_Nemo.mp3"
Dec 27 17:51 : player: played "Nightwish_Nemo.mp3"
Dec 27 18:29 : player: played "nightwish_-_bless_the_child-alc.mp3"
Dec 27 20:10 : player: played "nightwish_-_bless_the_child-alc.mp3"
Dec 28 00:56 : player: played "nightwish_-_bless_the_child-alc.mp3"
Dec 28 01:19 : player: played "nightwish_-_bless_the_child-alc.mp3"
Dec 29 16:24 : player: played "nightwish_-_bless_the_child-alc.mp3"
Dec 30 16:10 : player: played "nightwish_-_bless_the_child-alc.mp3"
Dec 30 23:58 : player: played "nightwish_-_bless_the_child-alc.mp3"
Jan 01 11:34 : player: played "nightwish_-_bless_the_child-alc.mp3"
Jan 20 23:29 : player: played "NEFFEX - Grateful [Copyright Free].mp3"
Jan 21 11:10 : player: played "NEFFEX - Grateful [Copyright Free].mp3"
Jan 22 11:48 : player: played "NEFFEX - Grateful [Copyright Free].mp3"
Jan 23 13:47 : player: played "NEFFEX - Grateful [Copyright Free].mp3"
Jan 24 14:36 : player: played "NEFFEX - Grateful [Copyright Free].mp3"
Jan 24 23:01 : player: played "NEFFEX - Grateful [Copyright Free].mp3"
Jan 25 00:50 : player: played "NEFFEX - Grateful [Copyright Free].mp3"
Jan 25 01:06 : player: played "Ozzy_Osbourne-Woman.mp3"
Jan 25 08:36 : player: played "Ozzy_Osbourne-Woman.mp3"
Jan 25 08:52 : player: played "Ozzy_Osbourne-Woman.mp3"
Jan 25 09:23 : player: played "Ozzy_Osbourne-Woman.mp3"
Jan 25 11:19 : player: played "Ozzy_Osbourne-Woman.mp3"
Jan 25 11:22 : player: played "Ozzy_Osbourne-Woman.mp3"
Jan 25 23:04 : player: played "Ozzy_Osbourne-Woman.mp3"
Jan 26 12:27 : player: played "Ozzy_Osbourne-Woman.mp3"
Jan 26 23:09 : player: played "Ozzy_Osbourne-Woman.mp3"
Jan 27 10:11 : player: played "Ozzy_Osbourne-Woman.mp3"
Jan 27 19:02 : player: played "Ozzy_Osbourne-Woman.mp3"
Jan 27 22:16 : player: played "Ozzy_Osbourne-Woman.mp3"
Jan 28 12:07 : player: played "Ozzy_Osbourne-Woman.mp3"
Jan 28 14:28 : player: played "Ozzy_Osbourne-Woman.mp3"
Jan 28 20:04 : player: played "Ozzy_Osbourne-Woman.mp3"
Jan 29 13:42 : player: played "Ozzy_Osbourne-Woman.mp3"
